{"/Users/advanderveer/Documents/Personal/Javascript/station.js/freight.js/src/freight.js":{"path":"/Users/advanderveer/Documents/Personal/Javascript/station.js/freight.js/src/freight.js","s":{"1":1,"2":1,"3":20,"4":20,"5":20,"6":20,"7":20,"8":20,"9":22,"10":22,"11":22,"12":18,"13":21,"14":20,"15":75,"16":17,"17":58,"18":20,"19":32,"20":32,"21":20,"22":48,"23":48,"24":21,"25":27,"26":20,"27":22,"28":1,"29":21,"30":21,"31":71,"32":20,"33":21,"34":1,"35":20,"36":18,"37":1,"38":17,"39":5,"40":17,"41":20,"42":27,"43":27,"44":27,"45":20,"46":8,"47":8,"48":26,"49":8,"50":1},"b":{"1":[17,58],"2":[52,6],"3":[21,27],"4":[1,21],"5":[20,51],"6":[1,20],"7":[1,17],"8":[5,12]},"f":{"1":20,"2":22,"3":75,"4":32,"5":48,"6":22,"7":71,"8":27,"9":8,"10":26},"fnMap":{"1":{"name":"(anonymous_1)","line":3,"loc":{"start":{"line":3,"column":14},"end":{"line":3,"column":25}}},"2":{"name":"get","line":39,"loc":{"start":{"line":39,"column":13},"end":{"line":39,"column":30}}},"3":{"name":"isId","line":56,"loc":{"start":{"line":56,"column":14},"end":{"line":56,"column":33}}},"4":{"name":"setParameter","line":71,"loc":{"start":{"line":71,"column":22},"end":{"line":71,"column":53}}},"5":{"name":"getParameter","line":81,"loc":{"start":{"line":81,"column":22},"end":{"line":81,"column":48}}},"6":{"name":"getService","line":96,"loc":{"start":{"line":96,"column":20},"end":{"line":96,"column":44}}},"7":{"name":"(anonymous_7)","line":103,"loc":{"start":{"line":103,"column":30},"end":{"line":103,"column":41}}},"8":{"name":"register","line":133,"loc":{"start":{"line":133,"column":18},"end":{"line":133,"column":46}}},"9":{"name":"build","line":147,"loc":{"start":{"line":147,"column":21},"end":{"line":147,"column":42}}},"10":{"name":"(anonymous_10)","line":149,"loc":{"start":{"line":149,"column":30},"end":{"line":149,"column":42}}}},"statementMap":{"1":{"start":{"line":1,"column":0},"end":{"line":1,"column":44}},"2":{"start":{"line":3,"column":0},"end":{"line":155,"column":2}},"3":{"start":{"line":4,"column":2},"end":{"line":4,"column":18}},"4":{"start":{"line":10,"column":2},"end":{"line":10,"column":22}},"5":{"start":{"line":17,"column":2},"end":{"line":17,"column":25}},"6":{"start":{"line":24,"column":2},"end":{"line":24,"column":24}},"7":{"start":{"line":30,"column":2},"end":{"line":30,"column":20}},"8":{"start":{"line":39,"column":2},"end":{"line":48,"column":4}},"9":{"start":{"line":40,"column":4},"end":{"line":40,"column":20}},"10":{"start":{"line":41,"column":4},"end":{"line":45,"column":5}},"11":{"start":{"line":42,"column":6},"end":{"line":42,"column":34}},"12":{"start":{"line":44,"column":6},"end":{"line":44,"column":32}},"13":{"start":{"line":47,"column":4},"end":{"line":47,"column":15}},"14":{"start":{"line":56,"column":2},"end":{"line":61,"column":4}},"15":{"start":{"line":57,"column":4},"end":{"line":58,"column":19}},"16":{"start":{"line":58,"column":6},"end":{"line":58,"column":19}},"17":{"start":{"line":60,"column":4},"end":{"line":60,"column":67}},"18":{"start":{"line":71,"column":2},"end":{"line":74,"column":4}},"19":{"start":{"line":72,"column":4},"end":{"line":72,"column":31}},"20":{"start":{"line":73,"column":4},"end":{"line":73,"column":16}},"21":{"start":{"line":81,"column":2},"end":{"line":87,"column":4}},"22":{"start":{"line":82,"column":4},"end":{"line":82,"column":35}},"23":{"start":{"line":83,"column":4},"end":{"line":84,"column":55}},"24":{"start":{"line":84,"column":6},"end":{"line":84,"column":55}},"25":{"start":{"line":86,"column":4},"end":{"line":86,"column":15}},"26":{"start":{"line":96,"column":2},"end":{"line":122,"column":4}},"27":{"start":{"line":98,"column":4},"end":{"line":100,"column":5}},"28":{"start":{"line":99,"column":6},"end":{"line":99,"column":30}},"29":{"start":{"line":102,"column":4},"end":{"line":102,"column":20}},"30":{"start":{"line":103,"column":4},"end":{"line":107,"column":7}},"31":{"start":{"line":104,"column":6},"end":{"line":106,"column":7}},"32":{"start":{"line":105,"column":8},"end":{"line":105,"column":16}},"33":{"start":{"line":109,"column":4},"end":{"line":110,"column":53}},"34":{"start":{"line":110,"column":6},"end":{"line":110,"column":53}},"35":{"start":{"line":112,"column":4},"end":{"line":112,"column":27}},"36":{"start":{"line":113,"column":4},"end":{"line":115,"column":5}},"37":{"start":{"line":114,"column":6},"end":{"line":114,"column":85}},"38":{"start":{"line":117,"column":4},"end":{"line":119,"column":5}},"39":{"start":{"line":118,"column":6},"end":{"line":118,"column":33}},"40":{"start":{"line":121,"column":4},"end":{"line":121,"column":19}},"41":{"start":{"line":133,"column":2},"end":{"line":138,"column":4}},"42":{"start":{"line":134,"column":4},"end":{"line":134,"column":45}},"43":{"start":{"line":136,"column":4},"end":{"line":136,"column":32}},"44":{"start":{"line":137,"column":4},"end":{"line":137,"column":15}},"45":{"start":{"line":147,"column":2},"end":{"line":153,"column":4}},"46":{"start":{"line":148,"column":4},"end":{"line":148,"column":17}},"47":{"start":{"line":149,"column":4},"end":{"line":151,"column":7}},"48":{"start":{"line":150,"column":6},"end":{"line":150,"column":44}},"49":{"start":{"line":152,"column":4},"end":{"line":152,"column":15}},"50":{"start":{"line":157,"column":0},"end":{"line":157,"column":25}}},"branchMap":{"1":{"line":57,"type":"if","locations":[{"start":{"line":57,"column":4},"end":{"line":57,"column":4}},{"start":{"line":57,"column":4},"end":{"line":57,"column":4}}]},"2":{"line":60,"type":"cond-expr","locations":[{"start":{"line":60,"column":50},"end":{"line":60,"column":54}},{"start":{"line":60,"column":59},"end":{"line":60,"column":64}}]},"3":{"line":83,"type":"if","locations":[{"start":{"line":83,"column":4},"end":{"line":83,"column":4}},{"start":{"line":83,"column":4},"end":{"line":83,"column":4}}]},"4":{"line":98,"type":"if","locations":[{"start":{"line":98,"column":4},"end":{"line":98,"column":4}},{"start":{"line":98,"column":4},"end":{"line":98,"column":4}}]},"5":{"line":104,"type":"if","locations":[{"start":{"line":104,"column":6},"end":{"line":104,"column":6}},{"start":{"line":104,"column":6},"end":{"line":104,"column":6}}]},"6":{"line":109,"type":"if","locations":[{"start":{"line":109,"column":4},"end":{"line":109,"column":4}},{"start":{"line":109,"column":4},"end":{"line":109,"column":4}}]},"7":{"line":113,"type":"if","locations":[{"start":{"line":113,"column":4},"end":{"line":113,"column":4}},{"start":{"line":113,"column":4},"end":{"line":113,"column":4}}]},"8":{"line":117,"type":"if","locations":[{"start":{"line":117,"column":4},"end":{"line":117,"column":4}},{"start":{"line":117,"column":4},"end":{"line":117,"column":4}}]}}},"/Users/advanderveer/Documents/Personal/Javascript/station.js/freight.js/src/definition.js":{"path":"/Users/advanderveer/Documents/Personal/Javascript/station.js/freight.js/src/definition.js","s":{"1":1,"2":39,"3":39,"4":39,"5":39,"6":39,"7":39,"8":34,"9":34,"10":39,"11":26,"12":26,"13":28,"14":14,"15":14,"16":2,"17":12,"18":2,"19":8,"20":2,"21":26,"22":39,"23":35,"24":35,"25":24,"26":24,"27":24,"28":2,"29":22,"30":2,"31":20,"32":1,"33":12,"34":12,"35":12,"36":35,"37":23,"38":14,"39":12,"40":12,"41":23,"42":12,"43":10,"44":39,"45":39,"46":15,"47":13,"48":2,"49":1,"50":1,"51":38,"52":38,"53":38,"54":14,"55":14,"56":24,"57":1,"58":37,"59":1,"60":36,"61":1,"62":35,"63":35,"64":35,"65":17,"66":1,"67":16,"68":32,"69":34,"70":39,"71":1},"b":{"1":[2,24],"2":[14,14],"3":[2,12],"4":[2,10],"5":[2,6],"6":[1,1],"7":[2,20],"8":[1,1],"9":[6,6],"10":[23,12],"11":[15,24],"12":[13,2],"13":[1,1],"14":[14,24],"15":[1,23],"16":[1,36],"17":[1,35],"18":[17,18],"19":[1,16]},"f":{"1":39,"2":34,"3":26,"4":28,"5":8,"6":35,"7":24,"8":12,"9":14,"10":10,"11":39,"12":32},"fnMap":{"1":{"name":"Definition","line":1,"loc":{"start":{"line":1,"column":17},"end":{"line":1,"column":58}}},"2":{"name":"addArgument","line":35,"loc":{"start":{"line":35,"column":21},"end":{"line":35,"column":47}}},"3":{"name":"resolveArguments","line":44,"loc":{"start":{"line":44,"column":26},"end":{"line":44,"column":57}}},"4":{"name":"(anonymous_4)","line":47,"loc":{"start":{"line":47,"column":16},"end":{"line":47,"column":32}}},"5":{"name":"(anonymous_5)","line":53,"loc":{"start":{"line":53,"column":33},"end":{"line":53,"column":44}}},"6":{"name":"(anonymous_6)","line":73,"loc":{"start":{"line":73,"column":25},"end":{"line":73,"column":49}}},"7":{"name":"(anonymous_7)","line":76,"loc":{"start":{"line":76,"column":27},"end":{"line":76,"column":39}}},"8":{"name":"neu","line":91,"loc":{"start":{"line":91,"column":4},"end":{"line":91,"column":36}}},"9":{"name":"(anonymous_9)","line":99,"loc":{"start":{"line":99,"column":12},"end":{"line":99,"column":23}}},"10":{"name":"(anonymous_10)","line":109,"loc":{"start":{"line":109,"column":11},"end":{"line":109,"column":22}}},"11":{"name":"(anonymous_11)","line":121,"loc":{"start":{"line":121,"column":19},"end":{"line":121,"column":34}}},"12":{"name":"(anonymous_12)","line":159,"loc":{"start":{"line":159,"column":19},"end":{"line":159,"column":32}}}},"statementMap":{"1":{"start":{"line":1,"column":0},"end":{"line":171,"column":2}},"2":{"start":{"line":2,"column":2},"end":{"line":2,"column":18}},"3":{"start":{"line":8,"column":2},"end":{"line":8,"column":15}},"4":{"start":{"line":14,"column":2},"end":{"line":14,"column":18}},"5":{"start":{"line":20,"column":2},"end":{"line":20,"column":17}},"6":{"start":{"line":26,"column":2},"end":{"line":26,"column":22}},"7":{"start":{"line":35,"column":2},"end":{"line":38,"column":4}},"8":{"start":{"line":36,"column":4},"end":{"line":36,"column":24}},"9":{"start":{"line":37,"column":4},"end":{"line":37,"column":16}},"10":{"start":{"line":44,"column":2},"end":{"line":62,"column":4}},"11":{"start":{"line":45,"column":4},"end":{"line":45,"column":55}},"12":{"start":{"line":47,"column":4},"end":{"line":59,"column":7}},"13":{"start":{"line":48,"column":6},"end":{"line":57,"column":7}},"14":{"start":{"line":49,"column":8},"end":{"line":49,"column":68}},"15":{"start":{"line":50,"column":13},"end":{"line":57,"column":7}},"16":{"start":{"line":51,"column":8},"end":{"line":51,"column":44}},"17":{"start":{"line":52,"column":13},"end":{"line":57,"column":7}},"18":{"start":{"line":53,"column":8},"end":{"line":56,"column":11}},"19":{"start":{"line":54,"column":10},"end":{"line":55,"column":75}},"20":{"start":{"line":55,"column":12},"end":{"line":55,"column":75}},"21":{"start":{"line":61,"column":4},"end":{"line":61,"column":15}},"22":{"start":{"line":73,"column":2},"end":{"line":113,"column":4}},"23":{"start":{"line":74,"column":4},"end":{"line":74,"column":20}},"24":{"start":{"line":76,"column":4},"end":{"line":89,"column":6}},"25":{"start":{"line":77,"column":6},"end":{"line":77,"column":21}},"26":{"start":{"line":78,"column":6},"end":{"line":82,"column":7}},"27":{"start":{"line":79,"column":8},"end":{"line":79,"column":71}},"28":{"start":{"line":81,"column":8},"end":{"line":81,"column":189}},"29":{"start":{"line":84,"column":6},"end":{"line":86,"column":7}},"30":{"start":{"line":85,"column":8},"end":{"line":85,"column":228}},"31":{"start":{"line":88,"column":6},"end":{"line":88,"column":16}},"32":{"start":{"line":91,"column":4},"end":{"line":95,"column":5}},"33":{"start":{"line":92,"column":8},"end":{"line":92,"column":60}},"34":{"start":{"line":93,"column":8},"end":{"line":93,"column":55}},"35":{"start":{"line":94,"column":8},"end":{"line":94,"column":62}},"36":{"start":{"line":98,"column":4},"end":{"line":106,"column":5}},"37":{"start":{"line":99,"column":6},"end":{"line":103,"column":8}},"38":{"start":{"line":100,"column":8},"end":{"line":100,"column":47}},"39":{"start":{"line":101,"column":8},"end":{"line":101,"column":44}},"40":{"start":{"line":102,"column":8},"end":{"line":102,"column":30}},"41":{"start":{"line":105,"column":6},"end":{"line":105,"column":17}},"42":{"start":{"line":109,"column":4},"end":{"line":111,"column":6}},"43":{"start":{"line":110,"column":8},"end":{"line":110,"column":83}},"44":{"start":{"line":121,"column":2},"end":{"line":166,"column":4}},"45":{"start":{"line":123,"column":4},"end":{"line":131,"column":5}},"46":{"start":{"line":124,"column":8},"end":{"line":130,"column":9}},"47":{"start":{"line":125,"column":10},"end":{"line":125,"column":29}},"48":{"start":{"line":126,"column":15},"end":{"line":130,"column":9}},"49":{"start":{"line":127,"column":10},"end":{"line":127,"column":30}},"50":{"start":{"line":129,"column":10},"end":{"line":129,"column":110}},"51":{"start":{"line":134,"column":4},"end":{"line":134,"column":37}},"52":{"start":{"line":135,"column":4},"end":{"line":135,"column":19}},"53":{"start":{"line":136,"column":4},"end":{"line":141,"column":5}},"54":{"start":{"line":137,"column":6},"end":{"line":137,"column":31}},"55":{"start":{"line":138,"column":6},"end":{"line":138,"column":17}},"56":{"start":{"line":139,"column":11},"end":{"line":141,"column":5}},"57":{"start":{"line":140,"column":6},"end":{"line":140,"column":141}},"58":{"start":{"line":143,"column":4},"end":{"line":144,"column":137}},"59":{"start":{"line":144,"column":6},"end":{"line":144,"column":137}},"60":{"start":{"line":146,"column":4},"end":{"line":148,"column":5}},"61":{"start":{"line":147,"column":6},"end":{"line":147,"column":144}},"62":{"start":{"line":150,"column":4},"end":{"line":150,"column":50}},"63":{"start":{"line":153,"column":4},"end":{"line":153,"column":30}},"64":{"start":{"line":154,"column":4},"end":{"line":163,"column":5}},"65":{"start":{"line":156,"column":6},"end":{"line":157,"column":123}},"66":{"start":{"line":157,"column":8},"end":{"line":157,"column":123}},"67":{"start":{"line":159,"column":6},"end":{"line":161,"column":9}},"68":{"start":{"line":160,"column":8},"end":{"line":160,"column":30}},"69":{"start":{"line":165,"column":4},"end":{"line":165,"column":16}},"70":{"start":{"line":169,"column":2},"end":{"line":169,"column":23}},"71":{"start":{"line":173,"column":0},"end":{"line":173,"column":28}}},"branchMap":{"1":{"line":45,"type":"cond-expr","locations":[{"start":{"line":45,"column":39},"end":{"line":45,"column":42}},{"start":{"line":45,"column":45},"end":{"line":45,"column":54}}]},"2":{"line":48,"type":"if","locations":[{"start":{"line":48,"column":6},"end":{"line":48,"column":6}},{"start":{"line":48,"column":6},"end":{"line":48,"column":6}}]},"3":{"line":50,"type":"if","locations":[{"start":{"line":50,"column":13},"end":{"line":50,"column":13}},{"start":{"line":50,"column":13},"end":{"line":50,"column":13}}]},"4":{"line":52,"type":"if","locations":[{"start":{"line":52,"column":13},"end":{"line":52,"column":13}},{"start":{"line":52,"column":13},"end":{"line":52,"column":13}}]},"5":{"line":54,"type":"if","locations":[{"start":{"line":54,"column":10},"end":{"line":54,"column":10}},{"start":{"line":54,"column":10},"end":{"line":54,"column":10}}]},"6":{"line":81,"type":"cond-expr","locations":[{"start":{"line":81,"column":125},"end":{"line":81,"column":134}},{"start":{"line":81,"column":139},"end":{"line":81,"column":152}}]},"7":{"line":84,"type":"if","locations":[{"start":{"line":84,"column":6},"end":{"line":84,"column":6}},{"start":{"line":84,"column":6},"end":{"line":84,"column":6}}]},"8":{"line":85,"type":"cond-expr","locations":[{"start":{"line":85,"column":125},"end":{"line":85,"column":134}},{"start":{"line":85,"column":139},"end":{"line":85,"column":152}}]},"9":{"line":94,"type":"cond-expr","locations":[{"start":{"line":94,"column":44},"end":{"line":94,"column":50}},{"start":{"line":94,"column":53},"end":{"line":94,"column":61}}]},"10":{"line":98,"type":"if","locations":[{"start":{"line":98,"column":4},"end":{"line":98,"column":4}},{"start":{"line":98,"column":4},"end":{"line":98,"column":4}}]},"11":{"line":123,"type":"if","locations":[{"start":{"line":123,"column":4},"end":{"line":123,"column":4}},{"start":{"line":123,"column":4},"end":{"line":123,"column":4}}]},"12":{"line":124,"type":"if","locations":[{"start":{"line":124,"column":8},"end":{"line":124,"column":8}},{"start":{"line":124,"column":8},"end":{"line":124,"column":8}}]},"13":{"line":126,"type":"if","locations":[{"start":{"line":126,"column":15},"end":{"line":126,"column":15}},{"start":{"line":126,"column":15},"end":{"line":126,"column":15}}]},"14":{"line":136,"type":"if","locations":[{"start":{"line":136,"column":4},"end":{"line":136,"column":4}},{"start":{"line":136,"column":4},"end":{"line":136,"column":4}}]},"15":{"line":139,"type":"if","locations":[{"start":{"line":139,"column":11},"end":{"line":139,"column":11}},{"start":{"line":139,"column":11},"end":{"line":139,"column":11}}]},"16":{"line":143,"type":"if","locations":[{"start":{"line":143,"column":4},"end":{"line":143,"column":4}},{"start":{"line":143,"column":4},"end":{"line":143,"column":4}}]},"17":{"line":146,"type":"if","locations":[{"start":{"line":146,"column":4},"end":{"line":146,"column":4}},{"start":{"line":146,"column":4},"end":{"line":146,"column":4}}]},"18":{"line":154,"type":"if","locations":[{"start":{"line":154,"column":4},"end":{"line":154,"column":4}},{"start":{"line":154,"column":4},"end":{"line":154,"column":4}}]},"19":{"line":156,"type":"if","locations":[{"start":{"line":156,"column":6},"end":{"line":156,"column":6}},{"start":{"line":156,"column":6},"end":{"line":156,"column":6}}]}}}}