{"/Users/advanderveer/Documents/Personal/Javascript/station.js/freight.js/src/freight.js":{"path":"/Users/advanderveer/Documents/Personal/Javascript/station.js/freight.js/src/freight.js","s":{"1":1,"2":0,"3":1},"b":{},"f":{"1":0},"fnMap":{"1":{"name":"(anonymous_1)","line":1,"loc":{"start":{"line":1,"column":14},"end":{"line":1,"column":25}}}},"statementMap":{"1":{"start":{"line":1,"column":0},"end":{"line":7,"column":2}},"2":{"start":{"line":2,"column":1},"end":{"line":2,"column":17}},"3":{"start":{"line":9,"column":0},"end":{"line":9,"column":25}}},"branchMap":{}},"/Users/advanderveer/Documents/Personal/Javascript/station.js/freight.js/src/definition.js":{"path":"/Users/advanderveer/Documents/Personal/Javascript/station.js/freight.js/src/definition.js","s":{"1":1,"2":0,"3":1},"b":{},"f":{"1":0},"fnMap":{"1":{"name":"Definition","line":1,"loc":{"start":{"line":1,"column":17},"end":{"line":1,"column":39}}}},"statementMap":{"1":{"start":{"line":1,"column":0},"end":{"line":5,"column":2}},"2":{"start":{"line":2,"column":1},"end":{"line":2,"column":17}},"3":{"start":{"line":7,"column":0},"end":{"line":7,"column":28}}},"branchMap":{}}}