TN:
SF:/Users/advanderveer/Documents/Personal/Javascript/station.js/freight.js/src/freight.js
FN:3,(anonymous_1)
FN:39,get
FN:56,isId
FN:71,setParameter
FN:81,getParameter
FN:96,getService
FN:103,(anonymous_7)
FN:133,register
FN:147,build
FN:149,(anonymous_10)
FNF:10
FNH:10
FNDA:20,(anonymous_1)
FNDA:22,get
FNDA:75,isId
FNDA:32,setParameter
FNDA:48,getParameter
FNDA:22,getService
FNDA:71,(anonymous_7)
FNDA:27,register
FNDA:8,build
FNDA:26,(anonymous_10)
DA:1,1
DA:3,1
DA:4,20
DA:10,20
DA:17,20
DA:24,20
DA:30,20
DA:39,20
DA:40,22
DA:41,22
DA:42,22
DA:44,18
DA:47,21
DA:56,20
DA:57,75
DA:58,17
DA:60,58
DA:71,20
DA:72,32
DA:73,32
DA:81,20
DA:82,48
DA:83,48
DA:84,21
DA:86,27
DA:96,20
DA:98,22
DA:99,1
DA:102,21
DA:103,21
DA:104,71
DA:105,20
DA:109,21
DA:110,1
DA:112,20
DA:113,18
DA:114,1
DA:117,17
DA:118,5
DA:121,17
DA:133,20
DA:134,27
DA:136,27
DA:137,27
DA:147,20
DA:148,8
DA:149,8
DA:150,26
DA:152,8
DA:157,1
LF:50
LH:50
BRDA:57,1,0,17
BRDA:57,1,1,58
BRDA:60,2,0,52
BRDA:60,2,1,6
BRDA:83,3,0,21
BRDA:83,3,1,27
BRDA:98,4,0,1
BRDA:98,4,1,21
BRDA:104,5,0,20
BRDA:104,5,1,51
BRDA:109,6,0,1
BRDA:109,6,1,20
BRDA:113,7,0,1
BRDA:113,7,1,17
BRDA:117,8,0,5
BRDA:117,8,1,12
BRF:16
BRH:16
end_of_record
TN:
SF:/Users/advanderveer/Documents/Personal/Javascript/station.js/freight.js/src/definition.js
FN:1,Definition
FN:35,addArgument
FN:44,resolveArguments
FN:47,(anonymous_4)
FN:53,(anonymous_5)
FN:73,(anonymous_6)
FN:76,(anonymous_7)
FN:91,neu
FN:99,(anonymous_9)
FN:109,(anonymous_10)
FN:121,(anonymous_11)
FN:159,(anonymous_12)
FNF:12
FNH:12
FNDA:39,Definition
FNDA:34,addArgument
FNDA:26,resolveArguments
FNDA:28,(anonymous_4)
FNDA:8,(anonymous_5)
FNDA:35,(anonymous_6)
FNDA:24,(anonymous_7)
FNDA:12,neu
FNDA:14,(anonymous_9)
FNDA:10,(anonymous_10)
FNDA:39,(anonymous_11)
FNDA:32,(anonymous_12)
DA:1,1
DA:2,39
DA:8,39
DA:14,39
DA:20,39
DA:26,39
DA:35,39
DA:36,34
DA:37,34
DA:44,39
DA:45,26
DA:47,26
DA:48,28
DA:49,14
DA:50,14
DA:51,2
DA:52,12
DA:53,2
DA:54,8
DA:55,2
DA:61,26
DA:73,39
DA:74,35
DA:76,35
DA:77,24
DA:78,24
DA:79,24
DA:81,2
DA:84,22
DA:85,2
DA:88,20
DA:91,1
DA:92,12
DA:93,12
DA:94,12
DA:98,35
DA:99,23
DA:100,14
DA:101,12
DA:102,12
DA:105,23
DA:109,12
DA:110,10
DA:121,39
DA:123,39
DA:124,15
DA:125,13
DA:126,2
DA:127,1
DA:129,1
DA:134,38
DA:135,38
DA:136,38
DA:137,14
DA:138,14
DA:139,24
DA:140,1
DA:143,37
DA:144,1
DA:146,36
DA:147,1
DA:150,35
DA:153,35
DA:154,35
DA:156,17
DA:157,1
DA:159,16
DA:160,32
DA:165,34
DA:169,39
DA:173,1
LF:71
LH:71
BRDA:45,1,0,2
BRDA:45,1,1,24
BRDA:48,2,0,14
BRDA:48,2,1,14
BRDA:50,3,0,2
BRDA:50,3,1,12
BRDA:52,4,0,2
BRDA:52,4,1,10
BRDA:54,5,0,2
BRDA:54,5,1,6
BRDA:81,6,0,1
BRDA:81,6,1,1
BRDA:84,7,0,2
BRDA:84,7,1,20
BRDA:85,8,0,1
BRDA:85,8,1,1
BRDA:94,9,0,6
BRDA:94,9,1,6
BRDA:98,10,0,23
BRDA:98,10,1,12
BRDA:123,11,0,15
BRDA:123,11,1,24
BRDA:124,12,0,13
BRDA:124,12,1,2
BRDA:126,13,0,1
BRDA:126,13,1,1
BRDA:136,14,0,14
BRDA:136,14,1,24
BRDA:139,15,0,1
BRDA:139,15,1,23
BRDA:143,16,0,1
BRDA:143,16,1,36
BRDA:146,17,0,1
BRDA:146,17,1,35
BRDA:154,18,0,17
BRDA:154,18,1,18
BRDA:156,19,0,1
BRDA:156,19,1,16
BRF:38
BRH:38
end_of_record
