TN:
SF:/Users/advanderveer/Documents/Personal/Javascript/station.js/freight.js/src/freight.js
FN:3,(anonymous_1)
FN:33,get
FN:50,isId
FN:65,setParameter
FN:75,getParameter
FN:90,findTaggedServiceIds
FN:92,(anonymous_7)
FN:107,getDefinition
FN:109,(anonymous_9)
FN:125,getService
FN:145,register
FN:159,build
FN:161,(anonymous_13)
FNF:13
FNH:13
FNDA:23,(anonymous_1)
FNDA:24,get
FNDA:85,isId
FNDA:32,setParameter
FNDA:50,getParameter
FNDA:2,findTaggedServiceIds
FNDA:8,(anonymous_7)
FNDA:25,getDefinition
FNDA:80,(anonymous_9)
FNDA:24,getService
FNDA:33,register
FNDA:9,build
FNDA:30,(anonymous_13)
DA:1,1
DA:3,1
DA:4,23
DA:10,23
DA:17,23
DA:24,23
DA:33,23
DA:34,24
DA:35,24
DA:36,24
DA:38,20
DA:41,23
DA:50,23
DA:51,85
DA:52,19
DA:54,66
DA:65,23
DA:66,32
DA:67,32
DA:75,23
DA:76,50
DA:77,50
DA:78,23
DA:80,27
DA:90,23
DA:91,2
DA:92,2
DA:93,8
DA:94,5
DA:97,2
DA:107,23
DA:108,25
DA:109,25
DA:110,80
DA:111,24
DA:115,25
DA:125,23
DA:126,24
DA:128,24
DA:129,1
DA:131,23
DA:133,20
DA:145,23
DA:146,33
DA:148,33
DA:149,33
DA:159,23
DA:160,9
DA:161,9
DA:162,30
DA:164,9
DA:169,1
LF:52
LH:52
BRDA:51,1,0,19
BRDA:51,1,1,66
BRDA:54,2,0,58
BRDA:54,2,1,8
BRDA:77,3,0,23
BRDA:77,3,1,27
BRDA:93,4,0,5
BRDA:93,4,1,3
BRDA:110,5,0,24
BRDA:110,5,1,56
BRDA:128,6,0,1
BRDA:128,6,1,23
BRF:12
BRH:12
end_of_record
TN:
SF:/Users/advanderveer/Documents/Personal/Javascript/station.js/freight.js/src/definition.js
FN:1,Definition
FN:46,retrieve
FN:68,addArgument
FN:80,addTag
FN:91,resolveArguments
FN:94,(anonymous_6)
FN:100,(anonymous_7)
FN:120,(anonymous_8)
FN:123,(anonymous_9)
FN:142,neu
FN:150,(anonymous_11)
FN:160,(anonymous_12)
FN:172,(anonymous_13)
FN:211,(anonymous_14)
FN:224,(anonymous_15)
FNF:15
FNH:15
FNDA:47,Definition
FNDA:23,retrieve
FNDA:42,addArgument
FNDA:34,addTag
FNDA:28,resolveArguments
FNDA:30,(anonymous_6)
FNDA:8,(anonymous_7)
FNDA:43,(anonymous_8)
FNDA:26,(anonymous_9)
FNDA:13,neu
FNDA:15,(anonymous_11)
FNDA:11,(anonymous_12)
FNDA:47,(anonymous_13)
FNDA:40,(anonymous_14)
FNDA:31,(anonymous_15)
DA:1,1
DA:2,47
DA:8,47
DA:14,47
DA:20,47
DA:26,47
DA:32,47
DA:38,47
DA:46,47
DA:48,23
DA:49,1
DA:52,22
DA:53,20
DA:54,1
DA:57,19
DA:58,19
DA:68,47
DA:69,42
DA:70,42
DA:80,47
DA:81,34
DA:82,33
DA:84,34
DA:91,47
DA:92,28
DA:94,28
DA:95,30
DA:96,14
DA:97,16
DA:98,2
DA:99,14
DA:100,2
DA:101,8
DA:102,2
DA:108,28
DA:120,47
DA:121,43
DA:123,43
DA:124,26
DA:125,26
DA:126,2
DA:128,24
DA:129,24
DA:131,2
DA:135,24
DA:136,2
DA:139,22
DA:142,1
DA:143,13
DA:144,13
DA:145,13
DA:149,43
DA:150,28
DA:151,15
DA:152,13
DA:153,13
DA:156,28
DA:160,15
DA:161,11
DA:172,47
DA:175,47
DA:176,18
DA:177,16
DA:178,2
DA:179,1
DA:181,1
DA:186,46
DA:187,46
DA:188,46
DA:189,17
DA:190,17
DA:191,29
DA:192,1
DA:195,45
DA:196,1
DA:198,44
DA:199,1
DA:202,43
DA:205,43
DA:206,43
DA:208,22
DA:209,1
DA:211,21
DA:212,40
DA:218,42
DA:219,42
DA:221,26
DA:222,1
DA:224,25
DA:225,31
DA:230,41
DA:234,47
DA:238,1
LF:93
LH:93
BRDA:48,1,0,1
BRDA:48,1,1,22
BRDA:48,2,0,23
BRDA:48,2,1,8
BRDA:53,3,0,1
BRDA:53,3,1,19
BRDA:81,4,0,33
BRDA:81,4,1,1
BRDA:92,5,0,2
BRDA:92,5,1,26
BRDA:95,6,0,14
BRDA:95,6,1,16
BRDA:97,7,0,2
BRDA:97,7,1,14
BRDA:99,8,0,2
BRDA:99,8,1,12
BRDA:101,9,0,2
BRDA:101,9,1,6
BRDA:125,10,0,2
BRDA:125,10,1,24
BRDA:131,11,0,1
BRDA:131,11,1,1
BRDA:135,12,0,2
BRDA:135,12,1,22
BRDA:136,13,0,1
BRDA:136,13,1,1
BRDA:145,14,0,6
BRDA:145,14,1,7
BRDA:149,15,0,28
BRDA:149,15,1,15
BRDA:175,16,0,18
BRDA:175,16,1,29
BRDA:176,17,0,16
BRDA:176,17,1,2
BRDA:178,18,0,1
BRDA:178,18,1,1
BRDA:188,19,0,17
BRDA:188,19,1,29
BRDA:191,20,0,1
BRDA:191,20,1,28
BRDA:195,21,0,1
BRDA:195,21,1,44
BRDA:198,22,0,1
BRDA:198,22,1,43
BRDA:198,23,0,44
BRDA:198,23,1,3
BRDA:206,24,0,22
BRDA:206,24,1,21
BRDA:208,25,0,1
BRDA:208,25,1,21
BRDA:219,26,0,26
BRDA:219,26,1,16
BRDA:221,27,0,1
BRDA:221,27,1,25
BRF:54
BRH:54
end_of_record
