TN:
SF:/Users/advanderveer/Documents/Personal/Javascript/station.js/freight.js/src/freight.js
FN:3,(anonymous_1)
FN:39,get
FN:56,isId
FN:71,setParameter
FN:81,getParameter
FN:96,findTaggedServiceIds
FN:98,(anonymous_7)
FN:113,getDefinition
FN:115,(anonymous_9)
FN:131,getService
FN:151,register
FN:165,build
FN:167,(anonymous_13)
FNF:13
FNH:13
FNDA:22,(anonymous_1)
FNDA:22,get
FNDA:81,isId
FNDA:32,setParameter
FNDA:48,getParameter
FNDA:2,findTaggedServiceIds
FNDA:8,(anonymous_7)
FNDA:23,getDefinition
FNDA:77,(anonymous_9)
FNDA:22,getService
FNDA:31,register
FNDA:9,build
FNDA:30,(anonymous_13)
DA:1,1
DA:3,1
DA:4,22
DA:10,22
DA:17,22
DA:24,22
DA:30,22
DA:39,22
DA:40,22
DA:41,22
DA:42,22
DA:44,18
DA:47,21
DA:56,22
DA:57,81
DA:58,17
DA:60,64
DA:71,22
DA:72,32
DA:73,32
DA:81,22
DA:82,48
DA:83,48
DA:84,21
DA:86,27
DA:96,22
DA:97,2
DA:98,2
DA:99,8
DA:100,5
DA:103,2
DA:113,22
DA:114,23
DA:115,23
DA:116,77
DA:117,22
DA:121,23
DA:131,22
DA:132,22
DA:134,22
DA:135,1
DA:137,21
DA:139,18
DA:151,22
DA:152,31
DA:154,31
DA:155,31
DA:165,22
DA:166,9
DA:167,9
DA:168,30
DA:170,9
DA:175,1
LF:53
LH:53
BRDA:57,1,0,17
BRDA:57,1,1,64
BRDA:60,2,0,58
BRDA:60,2,1,6
BRDA:83,3,0,21
BRDA:83,3,1,27
BRDA:99,4,0,5
BRDA:99,4,1,3
BRDA:116,5,0,22
BRDA:116,5,1,55
BRDA:134,6,0,1
BRDA:134,6,1,21
BRF:12
BRH:12
end_of_record
TN:
SF:/Users/advanderveer/Documents/Personal/Javascript/station.js/freight.js/src/definition.js
FN:1,Definition
FN:46,retrieve
FN:68,addArgument
FN:80,addTag
FN:91,resolveArguments
FN:94,(anonymous_6)
FN:100,(anonymous_7)
FN:120,(anonymous_8)
FN:123,(anonymous_9)
FN:138,neu
FN:146,(anonymous_11)
FN:156,(anonymous_12)
FN:168,(anonymous_13)
FN:207,(anonymous_14)
FN:220,(anonymous_15)
FNF:15
FNH:15
FNDA:45,Definition
FNDA:21,retrieve
FNDA:40,addArgument
FNDA:34,addTag
FNDA:26,resolveArguments
FNDA:28,(anonymous_6)
FNDA:8,(anonymous_7)
FNDA:41,(anonymous_8)
FNDA:24,(anonymous_9)
FNDA:12,neu
FNDA:14,(anonymous_11)
FNDA:10,(anonymous_12)
FNDA:45,(anonymous_13)
FNDA:38,(anonymous_14)
FNDA:31,(anonymous_15)
DA:1,1
DA:2,45
DA:8,45
DA:14,45
DA:20,45
DA:26,45
DA:32,45
DA:38,45
DA:46,45
DA:48,21
DA:49,1
DA:52,20
DA:53,18
DA:54,1
DA:57,17
DA:58,17
DA:68,45
DA:69,40
DA:70,40
DA:80,45
DA:81,34
DA:82,33
DA:84,34
DA:91,45
DA:92,26
DA:94,26
DA:95,28
DA:96,14
DA:97,14
DA:98,2
DA:99,12
DA:100,2
DA:101,8
DA:102,2
DA:108,26
DA:120,45
DA:121,41
DA:123,41
DA:124,24
DA:125,24
DA:126,24
DA:128,2
DA:131,22
DA:132,2
DA:135,20
DA:138,1
DA:139,12
DA:140,12
DA:141,12
DA:145,41
DA:146,27
DA:147,14
DA:148,12
DA:149,12
DA:152,27
DA:156,14
DA:157,10
DA:168,45
DA:171,45
DA:172,18
DA:173,16
DA:174,2
DA:175,1
DA:177,1
DA:182,44
DA:183,44
DA:184,44
DA:185,16
DA:186,16
DA:187,28
DA:188,1
DA:191,43
DA:192,1
DA:194,42
DA:195,1
DA:198,41
DA:201,41
DA:202,41
DA:204,20
DA:205,1
DA:207,19
DA:208,38
DA:214,40
DA:215,40
DA:217,26
DA:218,1
DA:220,25
DA:221,31
DA:226,39
DA:230,45
DA:234,1
LF:91
LH:91
BRDA:48,1,0,1
BRDA:48,1,1,20
BRDA:48,2,0,21
BRDA:48,2,1,8
BRDA:53,3,0,1
BRDA:53,3,1,17
BRDA:81,4,0,33
BRDA:81,4,1,1
BRDA:92,5,0,2
BRDA:92,5,1,24
BRDA:95,6,0,14
BRDA:95,6,1,14
BRDA:97,7,0,2
BRDA:97,7,1,12
BRDA:99,8,0,2
BRDA:99,8,1,10
BRDA:101,9,0,2
BRDA:101,9,1,6
BRDA:128,10,0,1
BRDA:128,10,1,1
BRDA:131,11,0,2
BRDA:131,11,1,20
BRDA:132,12,0,1
BRDA:132,12,1,1
BRDA:141,13,0,6
BRDA:141,13,1,6
BRDA:145,14,0,27
BRDA:145,14,1,14
BRDA:171,15,0,18
BRDA:171,15,1,27
BRDA:172,16,0,16
BRDA:172,16,1,2
BRDA:174,17,0,1
BRDA:174,17,1,1
BRDA:184,18,0,16
BRDA:184,18,1,28
BRDA:187,19,0,1
BRDA:187,19,1,27
BRDA:191,20,0,1
BRDA:191,20,1,42
BRDA:194,21,0,1
BRDA:194,21,1,41
BRDA:202,22,0,20
BRDA:202,22,1,21
BRDA:204,23,0,1
BRDA:204,23,1,19
BRDA:215,24,0,26
BRDA:215,24,1,14
BRDA:217,25,0,1
BRDA:217,25,1,25
BRF:50
BRH:50
end_of_record
